<?xml version="1.0" encoding="UTF-8"?>
<!-- Generated by org.testng.reporters.JUnitXMLReporter -->
<testsuite hostname="Lenovo-PC" ignored="0" name="Test" tests="4" failures="0" timestamp="2019-08-21T20:40:12 PDT" time="0.134" errors="0">
  <testcase name="BrowserAutomation" time="0.022" classname="aqclickacademy.SeleniumTest"/>
  <testcase name="ElementUi" time="0.0" classname="aqclickacademy.SeleniumTest"/>
  <testcase name="IOSApps" time="0.0" classname="aqclickacademy.AppiumTest"/>
  <testcase name="NativeAPpAndroid" time="0.0" classname="aqclickacademy.AppiumTest"/>
</testsuite> <!-- Test -->
