<?xml version="1.0" encoding="UTF-8"?>
<testng-results skipped="0" failed="0" ignored="0" total="4" passed="4">
  <reporter-output>
  </reporter-output>
  <suite name="Suite" duration-ms="134" started-at="2019-08-21T20:40:11 PDT" finished-at="2019-08-21T20:40:11 PDT">
    <groups>
    </groups>
    <test name="Test" duration-ms="134" started-at="2019-08-21T20:40:11 PDT" finished-at="2019-08-21T20:40:11 PDT">
      <class name="aqclickacademy.AppiumTest">
        <test-method status="PASS" signature="IOSApps()[pri:0, instance:aqclickacademy.AppiumTest@5cb9f472]" name="IOSApps" duration-ms="0" started-at="2019-08-21T20:40:11 PDT" finished-at="2019-08-21T20:40:11 PDT">
          <reporter-output>
          </reporter-output>
        </test-method> <!-- IOSApps -->
        <test-method status="PASS" signature="NativeAPpAndroid()[pri:0, instance:aqclickacademy.AppiumTest@5cb9f472]" name="NativeAPpAndroid" duration-ms="0" started-at="2019-08-21T20:40:11 PDT" finished-at="2019-08-21T20:40:11 PDT">
          <reporter-output>
          </reporter-output>
        </test-method> <!-- NativeAPpAndroid -->
      </class> <!-- aqclickacademy.AppiumTest -->
      <class name="aqclickacademy.SeleniumTest">
        <test-method status="PASS" signature="BrowserAutomation()[pri:0, instance:aqclickacademy.SeleniumTest@6e1567f1]" name="BrowserAutomation" duration-ms="22" started-at="2019-08-21T20:40:11 PDT" finished-at="2019-08-21T20:40:11 PDT">
          <reporter-output>
          </reporter-output>
        </test-method> <!-- BrowserAutomation -->
        <test-method status="PASS" signature="ElementUi()[pri:0, instance:aqclickacademy.SeleniumTest@6e1567f1]" name="ElementUi" duration-ms="0" started-at="2019-08-21T20:40:11 PDT" finished-at="2019-08-21T20:40:11 PDT">
          <reporter-output>
          </reporter-output>
        </test-method> <!-- ElementUi -->
      </class> <!-- aqclickacademy.SeleniumTest -->
    </test> <!-- Test -->
  </suite> <!-- Suite -->
</testng-results>
